Traceback (most recent call last):
  File "/home/goodpast/graha682/code/python/freeze_and_thaw/cython/cmain.py", line 6, in <module>
    main.main(sys.argv[1])
  File "main.pyx", line 116, in main.main (main.c:4222)
    Fock, inp.mSCF[a], Dnew, eproj, err = do_embedding(a, inp,
  File "scf.pyx", line 147, in scf.do_embedding (scf.c:4975)
    mSCF, Dnew, error = diagonalize(mSCF, Dmat[A], SAA,
  File "scf.pyx", line 290, in scf.diagonalize (scf.c:9069)
    E, C = sp.linalg.eigh(Fock, Smat)
  File "/panfs/roc/msisoft/python-epd/1.5.2/Canopy_64bit/User/lib/python2.7/site-packages/scipy/linalg/decomp.py", line 288, in eigh
    a1 = _asarray_validated(a, check_finite=check_finite)
  File "/panfs/roc/msisoft/python-epd/1.5.2/Canopy_64bit/User/lib/python2.7/site-packages/scipy/_lib/_util.py", line 187, in _asarray_validated
    a = toarray(a)
  File "/panfs/roc/msisoft/python-epd/1.5.2/Canopy_64bit/User/lib/python2.7/site-packages/numpy/lib/function_base.py", line 668, in asarray_chkfinite
    "array must not contain infs or NaNs")
ValueError: array must not contain infs or NaNs
Traceback (most recent call last):
  File "/home/goodpast/graha682/code/python/freeze_and_thaw/cython/cmain.py", line 6, in <module>
    main.main(sys.argv[1])
  File "main.pyx", line 116, in main.main (main.c:4222)
    Fock, inp.mSCF[a], Dnew, eproj, err = do_embedding(a, inp,
  File "scf.pyx", line 147, in scf.do_embedding (scf.c:4975)
    mSCF, Dnew, error = diagonalize(mSCF, Dmat[A], SAA,
  File "scf.pyx", line 290, in scf.diagonalize (scf.c:9069)
    E, C = sp.linalg.eigh(Fock, Smat)
  File "/panfs/roc/msisoft/python-epd/1.5.2/Canopy_64bit/User/lib/python2.7/site-packages/scipy/linalg/decomp.py", line 288, in eigh
    a1 = _asarray_validated(a, check_finite=check_finite)
  File "/panfs/roc/msisoft/python-epd/1.5.2/Canopy_64bit/User/lib/python2.7/site-packages/scipy/_lib/_util.py", line 187, in _asarray_validated
    a = toarray(a)
  File "/panfs/roc/msisoft/python-epd/1.5.2/Canopy_64bit/User/lib/python2.7/site-packages/numpy/lib/function_base.py", line 668, in asarray_chkfinite
    "array must not contain infs or NaNs")
ValueError: array must not contain infs or NaNs
